2017-02-12 07:49:47.460  INFO 2592 --- [main] com.budthapa.Application                 : Starting Application on mint with PID 2592 (/home/budthapa/Projects/social-network/target/classes started by budthapa in /home/budthapa/Projects/social-network)
2017-02-12 07:49:47.544  INFO 2592 --- [main] com.budthapa.Application                 : No active profile set, falling back to default profiles: default
2017-02-12 07:49:49.275  INFO 2592 --- [main] ationConfigEmbeddedWebApplicationContext : Refreshing org.springframework.boot.context.embedded.AnnotationConfigEmbeddedWebApplicationContext@5bfa9431: startup date [Sun Feb 12 07:49:49 GST 2017]; root of context hierarchy
2017-02-12 07:49:51.928  INFO 2592 --- [main] trationDelegate$BeanPostProcessorChecker : Bean 'org.springframework.boot.autoconfigure.validation.ValidationAutoConfiguration' of type [class org.springframework.boot.autoconfigure.validation.ValidationAutoConfiguration] is not eligible for getting processed by all BeanPostProcessors (for example: not eligible for auto-proxying)
2017-02-12 07:49:52.124  INFO 2592 --- [main] trationDelegate$BeanPostProcessorChecker : Bean 'validator' of type [class org.springframework.validation.beanvalidation.LocalValidatorFactoryBean] is not eligible for getting processed by all BeanPostProcessors (for example: not eligible for auto-proxying)
2017-02-12 07:49:52.196  INFO 2592 --- [main] trationDelegate$BeanPostProcessorChecker : Bean 'org.springframework.transaction.annotation.ProxyTransactionManagementConfiguration' of type [class org.springframework.transaction.annotation.ProxyTransactionManagementConfiguration$$EnhancerBySpringCGLIB$$39e5085a] is not eligible for getting processed by all BeanPostProcessors (for example: not eligible for auto-proxying)
2017-02-12 07:49:52.944  INFO 2592 --- [main] s.b.c.e.t.TomcatEmbeddedServletContainer : Tomcat initialized with port(s): 8080 (http)
2017-02-12 07:49:53.002  INFO 2592 --- [main] o.apache.catalina.core.StandardService   : Starting service Tomcat
2017-02-12 07:49:53.003  INFO 2592 --- [main] org.apache.catalina.core.StandardEngine  : Starting Servlet Engine: Apache Tomcat/8.5.11
2017-02-12 07:49:53.210  INFO 2592 --- [localhost-startStop-1] o.a.c.c.C.[Tomcat].[localhost].[/]       : Initializing Spring embedded WebApplicationContext
2017-02-12 07:49:53.211  INFO 2592 --- [localhost-startStop-1] o.s.web.context.ContextLoader            : Root WebApplicationContext: initialization completed in 3954 ms
2017-02-12 07:49:53.455  INFO 2592 --- [localhost-startStop-1] o.s.b.w.servlet.ServletRegistrationBean  : Mapping servlet: 'dispatcherServlet' to [/]
2017-02-12 07:49:53.462  INFO 2592 --- [localhost-startStop-1] o.s.b.w.servlet.FilterRegistrationBean   : Mapping filter: 'characterEncodingFilter' to: [/*]
2017-02-12 07:49:53.465  INFO 2592 --- [localhost-startStop-1] o.s.b.w.servlet.FilterRegistrationBean   : Mapping filter: 'hiddenHttpMethodFilter' to: [/*]
2017-02-12 07:49:53.466  INFO 2592 --- [localhost-startStop-1] o.s.b.w.servlet.FilterRegistrationBean   : Mapping filter: 'httpPutFormContentFilter' to: [/*]
2017-02-12 07:49:53.467  INFO 2592 --- [localhost-startStop-1] o.s.b.w.servlet.FilterRegistrationBean   : Mapping filter: 'requestContextFilter' to: [/*]
2017-02-12 07:49:54.963  INFO 2592 --- [main] j.LocalContainerEntityManagerFactoryBean : Building JPA container EntityManagerFactory for persistence unit 'default'
2017-02-12 07:49:55.015  INFO 2592 --- [main] o.hibernate.jpa.internal.util.LogHelper  : HHH000204: Processing PersistenceUnitInfo [
	name: default
	...]
2017-02-12 07:49:55.527  INFO 2592 --- [main] org.hibernate.Version                    : HHH000412: Hibernate Core {5.0.11.Final}
2017-02-12 07:49:55.531  INFO 2592 --- [main] org.hibernate.cfg.Environment            : HHH000206: hibernate.properties not found
2017-02-12 07:49:55.534  INFO 2592 --- [main] org.hibernate.cfg.Environment            : HHH000021: Bytecode provider name : javassist
2017-02-12 07:49:55.740  INFO 2592 --- [main] o.hibernate.annotations.common.Version   : HCANN000001: Hibernate Commons Annotations {5.0.1.Final}
2017-02-12 07:49:56.055  INFO 2592 --- [main] org.hibernate.dialect.Dialect            : HHH000400: Using dialect: org.hibernate.dialect.MySQLDialect
2017-02-12 07:49:56.703  INFO 2592 --- [main] org.hibernate.tool.hbm2ddl.SchemaUpdate  : HHH000228: Running hbm2ddl schema update
2017-02-12 07:49:56.908  INFO 2592 --- [main] j.LocalContainerEntityManagerFactoryBean : Initialized JPA EntityManagerFactory for persistence unit 'default'
2017-02-12 07:49:57.811  INFO 2592 --- [main] s.w.s.m.m.a.RequestMappingHandlerAdapter : Looking for @ControllerAdvice: org.springframework.boot.context.embedded.AnnotationConfigEmbeddedWebApplicationContext@5bfa9431: startup date [Sun Feb 12 07:49:49 GST 2017]; root of context hierarchy
2017-02-12 07:49:57.934  INFO 2592 --- [main] s.w.s.m.m.a.RequestMappingHandlerMapping : Mapped "{[/admin]}" onto java.lang.String com.budthapa.controller.AuthController.admin()
2017-02-12 07:49:57.936  INFO 2592 --- [main] s.w.s.m.m.a.RequestMappingHandlerMapping : Mapped "{[/addstatus],methods=[GET]}" onto java.lang.String com.budthapa.controller.PageController.addStatus()
2017-02-12 07:49:57.937  INFO 2592 --- [main] s.w.s.m.m.a.RequestMappingHandlerMapping : Mapped "{[/],methods=[GET]}" onto java.lang.String com.budthapa.controller.PageController.index()
2017-02-12 07:49:57.941  INFO 2592 --- [main] s.w.s.m.m.a.RequestMappingHandlerMapping : Mapped "{[/error],produces=[text/html]}" onto public org.springframework.web.servlet.ModelAndView org.springframework.boot.autoconfigure.web.BasicErrorController.errorHtml(javax.servlet.http.HttpServletRequest,javax.servlet.http.HttpServletResponse)
2017-02-12 07:49:57.942  INFO 2592 --- [main] s.w.s.m.m.a.RequestMappingHandlerMapping : Mapped "{[/error]}" onto public org.springframework.http.ResponseEntity<java.util.Map<java.lang.String, java.lang.Object>> org.springframework.boot.autoconfigure.web.BasicErrorController.error(javax.servlet.http.HttpServletRequest)
2017-02-12 07:49:57.991  INFO 2592 --- [main] o.s.w.s.handler.SimpleUrlHandlerMapping  : Mapped URL path [/webjars/**] onto handler of type [class org.springframework.web.servlet.resource.ResourceHttpRequestHandler]
2017-02-12 07:49:57.991  INFO 2592 --- [main] o.s.w.s.handler.SimpleUrlHandlerMapping  : Mapped URL path [/**] onto handler of type [class org.springframework.web.servlet.resource.ResourceHttpRequestHandler]
2017-02-12 07:49:58.056  INFO 2592 --- [main] o.s.w.s.handler.SimpleUrlHandlerMapping  : Mapped URL path [/**/favicon.ico] onto handler of type [class org.springframework.web.servlet.resource.ResourceHttpRequestHandler]
2017-02-12 07:49:59.039  INFO 2592 --- [main] o.s.j.e.a.AnnotationMBeanExporter        : Registering beans for JMX exposure on startup
2017-02-12 07:49:59.193  INFO 2592 --- [main] s.b.c.e.t.TomcatEmbeddedServletContainer : Tomcat started on port(s): 8080 (http)
2017-02-12 07:49:59.209  INFO 2592 --- [main] com.budthapa.Application                 : Started Application in 13.311 seconds (JVM running for 16.319)
2017-02-12 08:39:41.527  INFO 2592 --- [http-nio-8080-exec-1] o.a.c.c.C.[Tomcat].[localhost].[/]       : Initializing Spring FrameworkServlet 'dispatcherServlet'
2017-02-12 08:39:41.528  INFO 2592 --- [http-nio-8080-exec-1] o.s.web.servlet.DispatcherServlet        : FrameworkServlet 'dispatcherServlet': initialization started
2017-02-12 08:39:41.549  INFO 2592 --- [http-nio-8080-exec-1] o.s.web.servlet.DispatcherServlet        : FrameworkServlet 'dispatcherServlet': initialization completed in 21 ms
2017-02-12 08:39:41.619  INFO 2592 --- [http-nio-8080-exec-1] com.budthapa.controller.PageController   : Serving index page
2017-02-12 08:41:22.758  INFO 2592 --- [http-nio-8080-exec-10] com.budthapa.controller.PageController   : Serving status page
2017-02-12 08:44:15.938  INFO 2592 --- [http-nio-8080-exec-2] com.budthapa.controller.PageController   : Serving index page
